# JRE version: OpenJDK Runtime Environment (8.0_242-b01) (build 1.8.0_242-release-1644-b01)
# Java VM: OpenJDK 64-Bit Server VM (25.242-b01 mixed mode windows-amd64 compressed oops)
Heap:
 PSYoungGen      total 310272K, used 54590K [0x00000000d5580000, 0x00000000e9e00000, 0x0000000100000000)
  eden space 288256K, 11% used [0x00000000d5580000,0x00000000d7553888,0x00000000e6f00000)
  from space 22016K, 99% used [0x00000000e6f00000,0x00000000e847c090,0x00000000e8480000)
  to   space 16384K, 0% used [0x00000000e8480000,0x00000000e8480000,0x00000000e9480000)
 ParOldGen       total 56320K, used 37766K [0x0000000080000000, 0x0000000083700000, 0x00000000d5580000)
  object space 56320K, 67% used [0x0000000080000000,0x00000000824e1bc8,0x0000000083700000)
 Metaspace       used 74525K, capacity 77888K, committed 78080K, reserved 1116160K
  class space    used 10300K, capacity 10985K, committed 11008K, reserved 1048576K
GC Heap History (10 events):
Event: 23.730 GC heap before
{Heap before GC invocations=12 (full 2):
 PSYoungGen      total 219648K, used 8363K [0x00000000d5580000, 0x00000000e3980000, 0x0000000100000000)
  eden space 207360K, 0% used [0x00000000d5580000,0x00000000d5580000,0x00000000e2000000)
  from space 12288K, 68% used [0x00000000e2c80000,0x00000000e34aaf20,0x00000000e3880000)
  to   space 12800K, 0% used [0x00000000e2000000,0x00000000e2000000,0x00000000e2c80000)
 ParOldGen       total 22016K, used 12841K [0x0000000080000000, 0x0000000081580000, 0x00000000d5580000)
  object space 22016K, 58% used [0x0000000080000000,0x0000000080c8a478,0x0000000081580000)
 Metaspace       used 34025K, capacity 35354K, committed 35496K, reserved 1079296K
  class space    used 4685K, capacity 5034K, committed 5120K, reserved 1048576K
Event: 23.949 GC heap after
Heap after GC invocations=12 (full 2):
 PSYoungGen      total 219648K, used 0K [0x00000000d5580000, 0x00000000e3980000, 0x0000000100000000)
  eden space 207360K, 0% used [0x00000000d5580000,0x00000000d5580000,0x00000000e2000000)
  from space 12288K, 0% used [0x00000000e2c80000,0x00000000e2c80000,0x00000000e3880000)
  to   space 12800K, 0% used [0x00000000e2000000,0x00000000e2000000,0x00000000e2c80000)
 ParOldGen       total 32768K, used 15334K [0x0000000080000000, 0x0000000082000000, 0x00000000d5580000)
  object space 32768K, 46% used [0x0000000080000000,0x0000000080ef9a50,0x0000000082000000)
 Metaspace       used 34025K, capacity 35354K, committed 35496K, reserved 1079296K
  class space    used 4685K, capacity 5034K, committed 5120K, reserved 1048576K
}
Event: 28.939 GC heap before
{Heap before GC invocations=13 (full 2):
 PSYoungGen      total 219648K, used 207360K [0x00000000d5580000, 0x00000000e3980000, 0x0000000100000000)
  eden space 207360K, 100% used [0x00000000d5580000,0x00000000e2000000,0x00000000e2000000)
  from space 12288K, 0% used [0x00000000e2c80000,0x00000000e2c80000,0x00000000e3880000)
  to   space 12800K, 0% used [0x00000000e2000000,0x00000000e2000000,0x00000000e2c80000)
 ParOldGen       total 32768K, used 15334K [0x0000000080000000, 0x0000000082000000, 0x00000000d5580000)
  object space 32768K, 46% used [0x0000000080000000,0x0000000080ef9a50,0x0000000082000000)
 Metaspace       used 46059K, capacity 48214K, committed 48384K, reserved 1091584K
  class space    used 6220K, capacity 6605K, committed 6656K, reserved 1048576K
Event: 28.976 GC heap after
Heap after GC invocations=13 (full 2):
 PSYoungGen      total 220160K, used 12776K [0x00000000d5580000, 0x00000000e9480000, 0x0000000100000000)
  eden space 207360K, 0% used [0x00000000d5580000,0x00000000d5580000,0x00000000e2000000)
  from space 12800K, 99% used [0x00000000e2000000,0x00000000e2c7a070,0x00000000e2c80000)
  to   space 16384K, 0% used [0x00000000e8480000,0x00000000e8480000,0x00000000e9480000)
 ParOldGen       total 32768K, used 20114K [0x0000000080000000, 0x0000000082000000, 0x00000000d5580000)
  object space 32768K, 61% used [0x0000000080000000,0x00000000813a4a60,0x0000000082000000)
 Metaspace       used 46059K, capacity 48214K, committed 48384K, reserved 1091584K
  class space    used 6220K, capacity 6605K, committed 6656K, reserved 1048576K
}
Event: 32.272 GC heap before
{Heap before GC invocations=14 (full 2):
 PSYoungGen      total 220160K, used 154859K [0x00000000d5580000, 0x00000000e9480000, 0x0000000100000000)
  eden space 207360K, 68% used [0x00000000d5580000,0x00000000de040ba8,0x00000000e2000000)
  from space 12800K, 99% used [0x00000000e2000000,0x00000000e2c7a070,0x00000000e2c80000)
  to   space 16384K, 0% used [0x00000000e8480000,0x00000000e8480000,0x00000000e9480000)
 ParOldGen       total 32768K, used 20114K [0x0000000080000000, 0x0000000082000000, 0x00000000d5580000)
  object space 32768K, 61% used [0x0000000080000000,0x00000000813a4a60,0x0000000082000000)
 Metaspace       used 56568K, capacity 58954K, committed 59160K, reserved 1099776K
  class space    used 7798K, capacity 8303K, committed 8320K, reserved 1048576K
Event: 32.379 GC heap after
Heap after GC invocations=14 (full 2):
 PSYoungGen      total 304640K, used 16372K [0x00000000d5580000, 0x00000000e9e00000, 0x0000000100000000)
  eden space 288256K, 0% used [0x00000000d5580000,0x00000000d5580000,0x00000000e6f00000)
  from space 16384K, 99% used [0x00000000e8480000,0x00000000e947d068,0x00000000e9480000)
  to   space 22016K, 0% used [0x00000000e6f00000,0x00000000e6f00000,0x00000000e8480000)
 ParOldGen       total 32768K, used 28272K [0x0000000080000000, 0x0000000082000000, 0x00000000d5580000)
  object space 32768K, 86% used [0x0000000080000000,0x0000000081b9c010,0x0000000082000000)
 Metaspace       used 56568K, capacity 58954K, committed 59160K, reserved 1099776K
  class space    used 7798K, capacity 8303K, committed 8320K, reserved 1048576K
}
Event: 32.379 GC heap before
{Heap before GC invocations=15 (full 3):
 PSYoungGen      total 304640K, used 16372K [0x00000000d5580000, 0x00000000e9e00000, 0x0000000100000000)
  eden space 288256K, 0% used [0x00000000d5580000,0x00000000d5580000,0x00000000e6f00000)
  from space 16384K, 99% used [0x00000000e8480000,0x00000000e947d068,0x00000000e9480000)
  to   space 22016K, 0% used [0x00000000e6f00000,0x00000000e6f00000,0x00000000e8480000)
 ParOldGen       total 32768K, used 28272K [0x0000000080000000, 0x0000000082000000, 0x00000000d5580000)
  object space 32768K, 86% used [0x0000000080000000,0x0000000081b9c010,0x0000000082000000)
 Metaspace       used 56568K, capacity 58954K, committed 59160K, reserved 1099776K
  class space    used 7798K, capacity 8303K, committed 8320K, reserved 1048576K
Event: 32.815 GC heap after
Heap after GC invocations=15 (full 3):
 PSYoungGen      total 304640K, used 4808K [0x00000000d5580000, 0x00000000e9e00000, 0x0000000100000000)
  eden space 288256K, 0% used [0x00000000d5580000,0x00000000d5580000,0x00000000e6f00000)
  from space 16384K, 29% used [0x00000000e8480000,0x00000000e8932038,0x00000000e9480000)
  to   space 22016K, 0% used [0x00000000e6f00000,0x00000000e6f00000,0x00000000e8480000)
 ParOldGen       total 56320K, used 32569K [0x0000000080000000, 0x0000000083700000, 0x00000000d5580000)
  object space 56320K, 57% used [0x0000000080000000,0x0000000081fce400,0x0000000083700000)
 Metaspace       used 56559K, capacity 58924K, committed 59160K, reserved 1099776K
  class space    used 7795K, capacity 8298K, committed 8320K, reserved 1048576K
}
Event: 39.223 GC heap before
{Heap before GC invocations=16 (full 3):
 PSYoungGen      total 304640K, used 293064K [0x00000000d5580000, 0x00000000e9e00000, 0x0000000100000000)
  eden space 288256K, 100% used [0x00000000d5580000,0x00000000e6f00000,0x00000000e6f00000)
  from space 16384K, 29% used [0x00000000e8480000,0x00000000e8932038,0x00000000e9480000)
  to   space 22016K, 0% used [0x00000000e6f00000,0x00000000e6f00000,0x00000000e8480000)
 ParOldGen       total 56320K, used 32569K [0x0000000080000000, 0x0000000083700000, 0x00000000d5580000)
  object space 56320K, 57% used [0x0000000080000000,0x0000000081fce400,0x0000000083700000)
 Metaspace       used 74219K, capacity 77600K, committed 77824K, reserved 1116160K
  class space    used 10284K, capacity 10981K, committed 11008K, reserved 1048576K
Event: 39.290 GC heap after
Heap after GC invocations=16 (full 3):
 PSYoungGen      total 310272K, used 22000K [0x00000000d5580000, 0x00000000e9e00000, 0x0000000100000000)
  eden space 288256K, 0% used [0x00000000d5580000,0x00000000d5580000,0x00000000e6f00000)
  from space 22016K, 99% used [0x00000000e6f00000,0x00000000e847c090,0x00000000e8480000)
  to   space 16384K, 0% used [0x00000000e8480000,0x00000000e8480000,0x00000000e9480000)
 ParOldGen       total 56320K, used 37766K [0x0000000080000000, 0x0000000083700000, 0x00000000d5580000)
  object space 56320K, 67% used [0x0000000080000000,0x00000000824e1bc8,0x0000000083700000)
 Metaspace       used 74219K, capacity 77600K, committed 77824K, reserved 1116160K
  class space    used 10284K, capacity 10981K, committed 11008K, reserved 1048576K
}

