# JRE version: OpenJDK Runtime Environment (8.0_242-b01) (build 1.8.0_242-release-1644-b01)
# Java VM: OpenJDK 64-Bit Server VM (25.242-b01 mixed mode windows-amd64 compressed oops)
Heap:
 PSYoungGen      total 553984K, used 30979K [0x00000000d5580000, 0x00000000fa780000, 0x0000000100000000)
  eden space 527360K, 0% used [0x00000000d5580000,0x00000000d59c4280,0x00000000f5880000)
  from space 26624K, 99% used [0x00000000f7d00000,0x00000000f96fc998,0x00000000f9700000)
  to   space 37376K, 0% used [0x00000000f5880000,0x00000000f5880000,0x00000000f7d00000)
 ParOldGen       total 104448K, used 80742K [0x0000000080000000, 0x0000000086600000, 0x00000000d5580000)
  object space 104448K, 77% used [0x0000000080000000,0x0000000084ed98e8,0x0000000086600000)
 Metaspace       used 98414K, capacity 103483K, committed 103768K, reserved 1138688K
  class space    used 12749K, capacity 13649K, committed 13696K, reserved 1048576K
GC Heap History (10 events):
Event: 393.127 GC heap before
{Heap before GC invocations=30 (full 3):
 PSYoungGen      total 469504K, used 457728K [0x00000000d5580000, 0x00000000f3a00000, 0x0000000100000000)
  eden space 457728K, 100% used [0x00000000d5580000,0x00000000f1480000,0x00000000f1480000)
  from space 11776K, 0% used [0x00000000f2180000,0x00000000f2180000,0x00000000f2d00000)
  to   space 13312K, 0% used [0x00000000f1480000,0x00000000f1480000,0x00000000f2180000)
 ParOldGen       total 56832K, used 30952K [0x0000000080000000, 0x0000000083780000, 0x00000000d5580000)
  object space 56832K, 54% used [0x0000000080000000,0x0000000081e3a348,0x0000000083780000)
 Metaspace       used 77848K, capacity 81255K, committed 81624K, reserved 1120256K
  class space    used 10247K, capacity 10879K, committed 11008K, reserved 1048576K
Event: 393.699 GC heap after
Heap after GC invocations=30 (full 3):
 PSYoungGen      total 471040K, used 13280K [0x00000000d5580000, 0x00000000f9700000, 0x0000000100000000)
  eden space 457728K, 0% used [0x00000000d5580000,0x00000000d5580000,0x00000000f1480000)
  from space 13312K, 99% used [0x00000000f1480000,0x00000000f2178040,0x00000000f2180000)
  to   space 26624K, 0% used [0x00000000f7d00000,0x00000000f7d00000,0x00000000f9700000)
 ParOldGen       total 61952K, used 60629K [0x0000000080000000, 0x0000000083c80000, 0x00000000d5580000)
  object space 61952K, 97% used [0x0000000080000000,0x0000000083b356f8,0x0000000083c80000)
 Metaspace       used 77848K, capacity 81255K, committed 81624K, reserved 1120256K
  class space    used 10247K, capacity 10879K, committed 11008K, reserved 1048576K
}
Event: 393.699 GC heap before
{Heap before GC invocations=31 (full 4):
 PSYoungGen      total 471040K, used 13280K [0x00000000d5580000, 0x00000000f9700000, 0x0000000100000000)
  eden space 457728K, 0% used [0x00000000d5580000,0x00000000d5580000,0x00000000f1480000)
  from space 13312K, 99% used [0x00000000f1480000,0x00000000f2178040,0x00000000f2180000)
  to   space 26624K, 0% used [0x00000000f7d00000,0x00000000f7d00000,0x00000000f9700000)
 ParOldGen       total 61952K, used 60629K [0x0000000080000000, 0x0000000083c80000, 0x00000000d5580000)
  object space 61952K, 97% used [0x0000000080000000,0x0000000083b356f8,0x0000000083c80000)
 Metaspace       used 77848K, capacity 81255K, committed 81624K, reserved 1120256K
  class space    used 10247K, capacity 10879K, committed 11008K, reserved 1048576K
Event: 394.442 GC heap after
Heap after GC invocations=31 (full 4):
 PSYoungGen      total 471040K, used 4536K [0x00000000d5580000, 0x00000000f9700000, 0x0000000100000000)
  eden space 457728K, 0% used [0x00000000d5580000,0x00000000d5580000,0x00000000f1480000)
  from space 13312K, 34% used [0x00000000f1480000,0x00000000f18ee258,0x00000000f2180000)
  to   space 26624K, 0% used [0x00000000f7d00000,0x00000000f7d00000,0x00000000f9700000)
 ParOldGen       total 104448K, used 61870K [0x0000000080000000, 0x0000000086600000, 0x00000000d5580000)
  object space 104448K, 59% used [0x0000000080000000,0x0000000083c6ba00,0x0000000086600000)
 Metaspace       used 77802K, capacity 81115K, committed 81624K, reserved 1120256K
  class space    used 10232K, capacity 10853K, committed 11008K, reserved 1048576K
}
Event: 406.073 GC heap before
{Heap before GC invocations=32 (full 4):
 PSYoungGen      total 471040K, used 462264K [0x00000000d5580000, 0x00000000f9700000, 0x0000000100000000)
  eden space 457728K, 100% used [0x00000000d5580000,0x00000000f1480000,0x00000000f1480000)
  from space 13312K, 34% used [0x00000000f1480000,0x00000000f18ee258,0x00000000f2180000)
  to   space 26624K, 0% used [0x00000000f7d00000,0x00000000f7d00000,0x00000000f9700000)
 ParOldGen       total 104448K, used 61870K [0x0000000080000000, 0x0000000086600000, 0x00000000d5580000)
  object space 104448K, 59% used [0x0000000080000000,0x0000000083c6ba00,0x0000000086600000)
 Metaspace       used 96315K, capacity 100855K, committed 100952K, reserved 1136640K
  class space    used 12549K, capacity 13393K, committed 13440K, reserved 1048576K
Event: 406.735 GC heap after
Heap after GC invocations=32 (full 4):
 PSYoungGen      total 553984K, used 26594K [0x00000000d5580000, 0x00000000fa780000, 0x0000000100000000)
  eden space 527360K, 0% used [0x00000000d5580000,0x00000000d5580000,0x00000000f5880000)
  from space 26624K, 99% used [0x00000000f7d00000,0x00000000f96f8930,0x00000000f9700000)
  to   space 37376K, 0% used [0x00000000f5880000,0x00000000f5880000,0x00000000f7d00000)
 ParOldGen       total 104448K, used 78959K [0x0000000080000000, 0x0000000086600000, 0x00000000d5580000)
  object space 104448K, 75% used [0x0000000080000000,0x0000000084d1bfb8,0x0000000086600000)
 Metaspace       used 96315K, capacity 100855K, committed 100952K, reserved 1136640K
  class space    used 12549K, capacity 13393K, committed 13440K, reserved 1048576K
}
Event: 411.704 GC heap before
{Heap before GC invocations=33 (full 4):
 PSYoungGen      total 553984K, used 553954K [0x00000000d5580000, 0x00000000fa780000, 0x0000000100000000)
  eden space 527360K, 100% used [0x00000000d5580000,0x00000000f5880000,0x00000000f5880000)
  from space 26624K, 99% used [0x00000000f7d00000,0x00000000f96f8930,0x00000000f9700000)
  to   space 37376K, 0% used [0x00000000f5880000,0x00000000f5880000,0x00000000f7d00000)
 ParOldGen       total 104448K, used 78959K [0x0000000080000000, 0x0000000086600000, 0x00000000d5580000)
  object space 104448K, 75% used [0x0000000080000000,0x0000000084d1bfb8,0x0000000086600000)
 Metaspace       used 98058K, capacity 103089K, committed 103256K, reserved 1138688K
  class space    used 12732K, capacity 13640K, committed 13696K, reserved 1048576K
Event: 412.304 GC heap after
Heap after GC invocations=33 (full 4):
 PSYoungGen      total 564736K, used 28647K [0x00000000d5580000, 0x00000000fa780000, 0x0000000100000000)
  eden space 527360K, 0% used [0x00000000d5580000,0x00000000d5580000,0x00000000f5880000)
  from space 37376K, 76% used [0x00000000f5880000,0x00000000f7479c30,0x00000000f7d00000)
  to   space 26624K, 0% used [0x00000000f7d00000,0x00000000f7d00000,0x00000000f9700000)
 ParOldGen       total 104448K, used 78967K [0x0000000080000000, 0x0000000086600000, 0x00000000d5580000)
  object space 104448K, 75% used [0x0000000080000000,0x0000000084d1dfb8,0x0000000086600000)
 Metaspace       used 98058K, capacity 103089K, committed 103256K, reserved 1138688K
  class space    used 12732K, capacity 13640K, committed 13696K, reserved 1048576K
}
Event: 415.523 GC heap before
{Heap before GC invocations=34 (full 4):
 PSYoungGen      total 564736K, used 556007K [0x00000000d5580000, 0x00000000fa780000, 0x0000000100000000)
  eden space 527360K, 100% used [0x00000000d5580000,0x00000000f5880000,0x00000000f5880000)
  from space 37376K, 76% used [0x00000000f5880000,0x00000000f7479c30,0x00000000f7d00000)
  to   space 26624K, 0% used [0x00000000f7d00000,0x00000000f7d00000,0x00000000f9700000)
 ParOldGen       total 104448K, used 78967K [0x0000000080000000, 0x0000000086600000, 0x00000000d5580000)
  object space 104448K, 75% used [0x0000000080000000,0x0000000084d1dfb8,0x0000000086600000)
 Metaspace       used 98414K, capacity 103483K, committed 103768K, reserved 1138688K
  class space    used 12749K, capacity 13649K, committed 13696K, reserved 1048576K
Event: 415.820 GC heap after
Heap after GC invocations=34 (full 4):
 PSYoungGen      total 553984K, used 26610K [0x00000000d5580000, 0x00000000fa780000, 0x0000000100000000)
  eden space 527360K, 0% used [0x00000000d5580000,0x00000000d5580000,0x00000000f5880000)
  from space 26624K, 99% used [0x00000000f7d00000,0x00000000f96fc998,0x00000000f9700000)
  to   space 37376K, 0% used [0x00000000f5880000,0x00000000f5880000,0x00000000f7d00000)
 ParOldGen       total 104448K, used 80742K [0x0000000080000000, 0x0000000086600000, 0x00000000d5580000)
  object space 104448K, 77% used [0x0000000080000000,0x0000000084ed98e8,0x0000000086600000)
 Metaspace       used 98414K, capacity 103483K, committed 103768K, reserved 1138688K
  class space    used 12749K, capacity 13649K, committed 13696K, reserved 1048576K
}

